<?xml version="1.0" encoding="UTF-8"?>
<!-- Generated by org.testng.reporters.JUnitXMLReporter -->
<testsuite ignored="0" hostname="DESKTOP-RIN5TFG" failures="1" tests="1" name="Test" time="8.623" errors="0" timestamp="2025-10-16T12:05:01 IST">
  <testcase classname="testscript.HomeTest" name="verifyTheUserIsAbleToLogout" time="2.418">
    <failure type="java.lang.NullPointerException" message="Cannot invoke &amp;quot;pages.HomePage.clickTheSignin()&amp;quot; because &amp;quot;this.homepage&amp;quot; is null">
      <![CDATA[java.lang.NullPointerException: Cannot invoke "pages.HomePage.clickTheSignin()" because "this.homepage" is null
at testscript.HomeTest.verifyTheUserIsAbleToLogout(HomeTest.java:26)
at java.base/java.util.ArrayList.forEach(ArrayList.java:1596)
... Removed 25 stack frames]]>
    </failure>
  </testcase> <!-- verifyTheUserIsAbleToLogout -->
</testsuite> <!-- Test -->
