<?xml version="1.0" encoding="UTF-8"?>
<!-- Generated by org.testng.reporters.JUnitXMLReporter -->
<testsuite ignored="0" hostname="DESKTOP-RIN5TFG" failures="0" tests="4" name="Test" time="27.365" errors="0" timestamp="2025-10-14T09:57:37 IST">
  <testcase classname="testscript.LoginTest" name="verifyTheUserisAbleToLoginWithInValidCredentials" time="1.216"/>
  <testcase classname="testscript.LoginTest" name="verifyTheUserisAbleToLoginWithInValidPassword" time="1.018"/>
  <testcase classname="testscript.LoginTest" name="verifyTheUserisAbleToLoginWithInValidUsername" time="0.874"/>
  <testcase classname="testscript.LoginTest" name="verifyTheUserisAbleToLoginWithValidCredentials" time="2.067"/>
</testsuite> <!-- Test -->
