<?xml version="1.0" encoding="UTF-8"?>
<testng-results ignored="0" total="4" passed="4" failed="0" skipped="0">
  <reporter-output>
  </reporter-output>
  <suite started-at="2025-10-14T09:57:08 IST" name="Suite" finished-at="2025-10-14T09:57:36 IST" duration-ms="27365">
    <groups>
      <group name="regression">
        <method signature="LoginTest.verifyTheUserisAbleToLoginWithValidCredentials()[pri:0, instance:testscript.LoginTest@41f69e84]" name="verifyTheUserisAbleToLoginWithValidCredentials" class="testscript.LoginTest"/>
      </group> <!-- regression -->
    </groups>
    <test started-at="2025-10-14T09:57:08 IST" name="Test" finished-at="2025-10-14T09:57:36 IST" duration-ms="27365">
      <class name="testscript.LoginTest">
        <test-method is-config="true" signature="browserinitialisation(java.lang.String)[pri:0, instance:testscript.LoginTest@41f69e84]" started-at="2025-10-14T09:57:10 IST" name="browserinitialisation" finished-at="2025-10-14T09:57:19 IST" duration-ms="9200" status="PASS">
          <params>
            <param index="0">
              <value>
                <![CDATA[Chrome]]>
              </value>
            </param>
          </params>
          <reporter-output>
          </reporter-output>
        </test-method> <!-- browserinitialisation -->
        <test-method signature="verifyTheUserisAbleToLoginWithInValidCredentials(java.lang.String,java.lang.String)[pri:0, instance:testscript.LoginTest@41f69e84]" started-at="2025-10-14T09:57:19 IST" name="verifyTheUserisAbleToLoginWithInValidCredentials" data-provider="LoginProvider" finished-at="2025-10-14T09:57:21 IST" duration-ms="1216" status="PASS">
          <params>
            <param index="0">
              <value>
                <![CDATA[admin51]]>
              </value>
            </param>
            <param index="1">
              <value>
                <![CDATA[admin51]]>
              </value>
            </param>
          </params>
          <reporter-output>
          </reporter-output>
        </test-method> <!-- verifyTheUserisAbleToLoginWithInValidCredentials -->
        <test-method is-config="true" signature="browserQuit(org.testng.ITestResult)[pri:0, instance:testscript.LoginTest@41f69e84]" started-at="2025-10-14T09:57:21 IST" name="browserQuit" finished-at="2025-10-14T09:57:21 IST" duration-ms="490" status="PASS">
          <params>
            <param index="0">
              <value>
                <![CDATA[[TestResult name=verifyTheUserisAbleToLoginWithInValidCredentials status=SUCCESS method=LoginTest.verifyTheUserisAbleToLoginWithInValidCredentials(java.lang.String,java.lang.String)[pri:0, instance:testscript.LoginTest@41f69e84] output={null}]]]>
              </value>
            </param>
          </params>
          <reporter-output>
          </reporter-output>
        </test-method> <!-- browserQuit -->
        <test-method is-config="true" signature="browserinitialisation(java.lang.String)[pri:0, instance:testscript.LoginTest@41f69e84]" started-at="2025-10-14T09:57:21 IST" name="browserinitialisation" finished-at="2025-10-14T09:57:25 IST" duration-ms="3631" status="PASS">
          <params>
            <param index="0">
              <value>
                <![CDATA[Chrome]]>
              </value>
            </param>
          </params>
          <reporter-output>
          </reporter-output>
        </test-method> <!-- browserinitialisation -->
        <test-method signature="verifyTheUserisAbleToLoginWithInValidPassword()[pri:0, instance:testscript.LoginTest@41f69e84]" started-at="2025-10-14T09:57:25 IST" name="verifyTheUserisAbleToLoginWithInValidPassword" finished-at="2025-10-14T09:57:26 IST" duration-ms="1018" status="PASS">
          <reporter-output>
          </reporter-output>
        </test-method> <!-- verifyTheUserisAbleToLoginWithInValidPassword -->
        <test-method is-config="true" signature="browserQuit(org.testng.ITestResult)[pri:0, instance:testscript.LoginTest@41f69e84]" started-at="2025-10-14T09:57:26 IST" name="browserQuit" finished-at="2025-10-14T09:57:26 IST" duration-ms="505" status="PASS">
          <params>
            <param index="0">
              <value>
                <![CDATA[[TestResult name=verifyTheUserisAbleToLoginWithInValidPassword status=SUCCESS method=LoginTest.verifyTheUserisAbleToLoginWithInValidPassword()[pri:0, instance:testscript.LoginTest@41f69e84] output={null}]]]>
              </value>
            </param>
          </params>
          <reporter-output>
          </reporter-output>
        </test-method> <!-- browserQuit -->
        <test-method is-config="true" signature="browserinitialisation(java.lang.String)[pri:0, instance:testscript.LoginTest@41f69e84]" started-at="2025-10-14T09:57:26 IST" name="browserinitialisation" finished-at="2025-10-14T09:57:29 IST" duration-ms="2801" status="PASS">
          <params>
            <param index="0">
              <value>
                <![CDATA[Chrome]]>
              </value>
            </param>
          </params>
          <reporter-output>
          </reporter-output>
        </test-method> <!-- browserinitialisation -->
        <test-method signature="verifyTheUserisAbleToLoginWithInValidUsername()[pri:0, instance:testscript.LoginTest@41f69e84]" started-at="2025-10-14T09:57:29 IST" name="verifyTheUserisAbleToLoginWithInValidUsername" finished-at="2025-10-14T09:57:30 IST" duration-ms="874" status="PASS">
          <reporter-output>
          </reporter-output>
        </test-method> <!-- verifyTheUserisAbleToLoginWithInValidUsername -->
        <test-method is-config="true" signature="browserQuit(org.testng.ITestResult)[pri:0, instance:testscript.LoginTest@41f69e84]" started-at="2025-10-14T09:57:30 IST" name="browserQuit" finished-at="2025-10-14T09:57:30 IST" duration-ms="391" status="PASS">
          <params>
            <param index="0">
              <value>
                <![CDATA[[TestResult name=verifyTheUserisAbleToLoginWithInValidUsername status=SUCCESS method=LoginTest.verifyTheUserisAbleToLoginWithInValidUsername()[pri:0, instance:testscript.LoginTest@41f69e84] output={null}]]]>
              </value>
            </param>
          </params>
          <reporter-output>
          </reporter-output>
        </test-method> <!-- browserQuit -->
        <test-method is-config="true" signature="browserinitialisation(java.lang.String)[pri:0, instance:testscript.LoginTest@41f69e84]" started-at="2025-10-14T09:57:30 IST" name="browserinitialisation" finished-at="2025-10-14T09:57:33 IST" duration-ms="2741" status="PASS">
          <params>
            <param index="0">
              <value>
                <![CDATA[Chrome]]>
              </value>
            </param>
          </params>
          <reporter-output>
          </reporter-output>
        </test-method> <!-- browserinitialisation -->
        <test-method signature="verifyTheUserisAbleToLoginWithValidCredentials()[pri:0, instance:testscript.LoginTest@41f69e84]" started-at="2025-10-14T09:57:33 IST" name="verifyTheUserisAbleToLoginWithValidCredentials" finished-at="2025-10-14T09:57:35 IST" duration-ms="2067" status="PASS">
          <reporter-output>
          </reporter-output>
        </test-method> <!-- verifyTheUserisAbleToLoginWithValidCredentials -->
        <test-method is-config="true" signature="browserQuit(org.testng.ITestResult)[pri:0, instance:testscript.LoginTest@41f69e84]" started-at="2025-10-14T09:57:35 IST" name="browserQuit" finished-at="2025-10-14T09:57:36 IST" duration-ms="686" status="PASS">
          <params>
            <param index="0">
              <value>
                <![CDATA[[TestResult name=verifyTheUserisAbleToLoginWithValidCredentials status=SUCCESS method=LoginTest.verifyTheUserisAbleToLoginWithValidCredentials()[pri:0, instance:testscript.LoginTest@41f69e84] output={null}]]]>
              </value>
            </param>
          </params>
          <reporter-output>
          </reporter-output>
        </test-method> <!-- browserQuit -->
      </class> <!-- testscript.LoginTest -->
    </test> <!-- Test -->
  </suite> <!-- Suite -->
</testng-results>
