<?xml version="1.0" encoding="UTF-8"?>
<testng-results ignored="0" total="1" passed="1" failed="0" skipped="0">
  <reporter-output>
  </reporter-output>
  <suite started-at="2025-10-10T11:04:32 IST" name="Suite" finished-at="2025-10-10T11:04:41 IST" duration-ms="8967">
    <groups>
    </groups>
    <test started-at="2025-10-10T11:04:32 IST" name="Test" finished-at="2025-10-10T11:04:41 IST" duration-ms="8967">
      <class name="testscript.NewsTest">
        <test-method is-config="true" signature="browserinitialisation(java.lang.String)[pri:0, instance:testscript.NewsTest@1349883]" started-at="2025-10-10T11:04:32 IST" name="browserinitialisation" finished-at="2025-10-10T11:04:36 IST" duration-ms="4572" status="PASS">
          <params>
            <param index="0">
              <value>
                <![CDATA[Chrome]]>
              </value>
            </param>
          </params>
          <reporter-output>
          </reporter-output>
        </test-method> <!-- browserinitialisation -->
        <test-method signature="verifyTheUserCanAccessManageNewsPage()[pri:0, instance:testscript.NewsTest@1349883]" started-at="2025-10-10T11:04:36 IST" name="verifyTheUserCanAccessManageNewsPage" finished-at="2025-10-10T11:04:40 IST" duration-ms="3861" status="PASS">
          <reporter-output>
          </reporter-output>
        </test-method> <!-- verifyTheUserCanAccessManageNewsPage -->
        <test-method is-config="true" signature="browserQuit(org.testng.ITestResult)[pri:0, instance:testscript.NewsTest@1349883]" started-at="2025-10-10T11:04:40 IST" name="browserQuit" finished-at="2025-10-10T11:04:41 IST" duration-ms="484" status="PASS">
          <params>
            <param index="0">
              <value>
                <![CDATA[[TestResult name=verifyTheUserCanAccessManageNewsPage status=SUCCESS method=NewsTest.verifyTheUserCanAccessManageNewsPage()[pri:0, instance:testscript.NewsTest@1349883] output={null}]]]>
              </value>
            </param>
          </params>
          <reporter-output>
          </reporter-output>
        </test-method> <!-- browserQuit -->
      </class> <!-- testscript.NewsTest -->
    </test> <!-- Test -->
  </suite> <!-- Suite -->
</testng-results>
